17:40:50:611  INFO 9416 --- [main] c.a.n.client.env.SearchableProperties    : properties search order:PROPERTIES->JVM->ENV->DEFAULT_SETTING
17:40:50:687  INFO 9416 --- [main] o.e.userservice.UserServiceApplication   : Starting UserServiceApplication using Java 1.8.0_231 on LAPTOP-FMC4J224 with PID 9416 (D:\code\java\2\trip-planner\user-service\target\classes started by shimeng in D:\code\java\2\trip-planner)
17:40:50:687  INFO 9416 --- [main] o.e.userservice.UserServiceApplication   : No active profile set, falling back to 1 default profile: "default"
17:40:51:087  INFO 9416 --- [main] o.s.cloud.context.scope.GenericScope     : BeanFactory id=4ceeaf60-93ad-384e-9e71-804ac20a9c64
17:40:51:223  INFO 9416 --- [main] o.s.b.w.embedded.tomcat.TomcatWebServer  : Tomcat initialized with port(s): 8081 (http)
17:40:51:228  INFO 9416 --- [main] o.apache.catalina.core.StandardService   : Starting service [Tomcat]
17:40:51:228  INFO 9416 --- [main] org.apache.catalina.core.StandardEngine  : Starting Servlet engine: [Apache Tomcat/9.0.68]
17:40:51:301  INFO 9416 --- [main] o.a.c.c.C.[Tomcat].[localhost].[/]       : Initializing Spring embedded WebApplicationContext
17:40:51:301  INFO 9416 --- [main] w.s.c.ServletWebServerApplicationContext : Root WebApplicationContext: initialization completed in 593 ms
17:40:51:559  INFO 9416 --- [main] o.s.b.a.w.s.WelcomePageHandlerMapping    : Adding welcome page: class path resource [static/index.html]
17:40:53:080  INFO 9416 --- [main] o.s.b.w.embedded.tomcat.TomcatWebServer  : Tomcat started on port(s): 8081 (http) with context path ''
17:40:53:105  INFO 9416 --- [main] c.a.n.p.a.s.c.ClientAuthPluginManager    : [ClientAuthPluginManager] Load ClientAuthService com.alibaba.nacos.client.auth.impl.NacosClientAuthServiceImpl success.
17:40:53:105  INFO 9416 --- [main] c.a.n.p.a.s.c.ClientAuthPluginManager    : [ClientAuthPluginManager] Load ClientAuthService com.alibaba.nacos.client.auth.ram.RamClientAuthServiceImpl success.
17:40:54:519  INFO 9416 --- [main] c.a.c.n.registry.NacosServiceRegistry    : nacos registry, DEFAULT_GROUP user-service 192.168.184.88:8081 register finished
17:40:55:048  INFO 9416 --- [main] o.e.userservice.UserServiceApplication   : Started UserServiceApplication in 5.114 seconds (JVM running for 5.744)
17:42:08:455  INFO 9416 --- [http-nio-8081-exec-1] o.a.c.c.C.[Tomcat].[localhost].[/]       : Initializing Spring DispatcherServlet 'dispatcherServlet'
17:42:08:455  INFO 9416 --- [http-nio-8081-exec-1] o.s.web.servlet.DispatcherServlet        : Initializing Servlet 'dispatcherServlet'
17:42:08:456  INFO 9416 --- [http-nio-8081-exec-1] o.s.web.servlet.DispatcherServlet        : Completed initialization in 0 ms
17:42:08:512  INFO 9416 --- [http-nio-8081-exec-1] com.zaxxer.hikari.HikariDataSource       : HikariPool-1 - Starting...
17:42:09:440  INFO 9416 --- [http-nio-8081-exec-1] com.zaxxer.hikari.HikariDataSource       : HikariPool-1 - Start completed.
17:45:21:237  WARN 9416 --- [Thread-13] c.a.n.common.http.HttpClientBeanHolder   : [HttpClientBeanHolder] Start destroying common HttpClient
17:45:21:237  WARN 9416 --- [Thread-10] c.a.nacos.common.notify.NotifyCenter     : [NotifyCenter] Start destroying Publisher
17:45:21:238  WARN 9416 --- [Thread-10] c.a.nacos.common.notify.NotifyCenter     : [NotifyCenter] Destruction of the end
17:45:21:238  WARN 9416 --- [Thread-13] c.a.n.common.http.HttpClientBeanHolder   : [HttpClientBeanHolder] Destruction of the end
17:45:21:487  INFO 9416 --- [SpringApplicationShutdownHook] c.a.c.n.registry.NacosServiceRegistry    : De-registering from Nacos Server now...
17:45:21:491  INFO 9416 --- [SpringApplicationShutdownHook] c.a.c.n.registry.NacosServiceRegistry    : De-registration finished.
17:45:21:495  INFO 9416 --- [SpringApplicationShutdownHook] com.zaxxer.hikari.HikariDataSource       : HikariPool-1 - Shutdown initiated...
17:45:21:502  INFO 9416 --- [SpringApplicationShutdownHook] com.zaxxer.hikari.HikariDataSource       : HikariPool-1 - Shutdown completed.
